<?xml version="1.0" encoding="UTF-8"?>
<TestRun id="ad25fcb6-031b-4b3a-9c54-ef942c067c5c" name="Lapshin@LAPSHIN-AV 2012-07-20 14:00:39" runUser="HCLASS\Lapshin" xmlns="http://microsoft.com/schemas/VisualStudio/TeamTest/2010">
  <TestSettings name="Локальные" id="85673032-7ead-40cd-b1d3-0b868db54eb2">
    <Description>Это - параметры по умолчанию для локального тестового запуска.</Description>
    <Deployment enabled="false" runDeploymentRoot="Lapshin_LAPSHIN-AV 2012-07-20 14_00_39">
      <DeploymentItem filename="C:\Users\lapshin\Documents\Visual Studio 2010\TFS2010PROJECTS\SharedComponents\SharedComponents\bin\Debug\SharedComponents.dll" />
    </Deployment>
    <Execution>
      <TestTypeSpecific />
      <AgentRule name="Execution Agents">
      </AgentRule>
    </Execution>
  </TestSettings>
  <Times creation="2012-07-20T14:00:39.6383159+07:00" queuing="2012-07-20T14:00:40.3843159+07:00" start="2012-07-20T14:00:40.4113159+07:00" finish="2012-07-20T14:00:40.7423159+07:00" />
  <ResultSummary outcome="Failed">
    <Counters total="2" executed="2" passed="1" error="0" failed="1" timeout="0" aborted="0" inconclusive="0" passedButRunAborted="0" notRunnable="0" notExecuted="0" disconnected="0" warning="0" completed="0" inProgress="0" pending="0" />
  </ResultSummary>
  <TestDefinitions>
    <UnitTest name="TestMethod1" storage="c:\users\lapshin\documents\visual studio 2010\tfs2010projects\sharedcomponents\sharedcomponents.tests\bin\debug\sharedcomponents.tests.dll" id="70b85fb8-d1b6-4088-b7f6-a3f48af8bbfe">
      <Execution id="b5996a54-5984-4630-9f44-f10b565102ab" />
      <TestMethod codeBase="C:/Users/lapshin/Documents/Visual Studio 2010/TFS2010PROJECTS/SharedComponents/SharedComponents.Tests/bin/Debug/SharedComponents.Tests.DLL" adapterTypeName="Microsoft.VisualStudio.TestTools.TestTypes.Unit.UnitTestAdapter, Microsoft.VisualStudio.QualityTools.Tips.UnitTest.Adapter, Version=10.0.0.0, Culture=neutral, PublicKeyToken=b03f5f7f11d50a3a" className="SharedComponents.Tests.UnitTest1, SharedComponents.Tests, Version=1.0.0.0, Culture=neutral, PublicKeyToken=null" name="TestMethod1" />
    </UnitTest>
    <UnitTest name="GetConnectionStringTest" storage="c:\users\lapshin\documents\visual studio 2010\tfs2010projects\sharedcomponents\sharedcomponents.tests\bin\debug\sharedcomponents.tests.dll" id="9f8c5a64-07cf-a993-390a-f182a2c8faaa">
      <Execution id="ef5aece7-9fad-4d69-923c-919d99ef6909" />
      <TestMethod codeBase="C:/Users/lapshin/Documents/Visual Studio 2010/TFS2010PROJECTS/SharedComponents/SharedComponents.Tests/bin/Debug/SharedComponents.Tests.DLL" adapterTypeName="Microsoft.VisualStudio.TestTools.TestTypes.Unit.UnitTestAdapter, Microsoft.VisualStudio.QualityTools.Tips.UnitTest.Adapter, Version=10.0.0.0, Culture=neutral, PublicKeyToken=b03f5f7f11d50a3a" className="SharedComponents.Tests.RMSConnectionTest, SharedComponents.Tests, Version=1.0.0.0, Culture=neutral, PublicKeyToken=null" name="GetConnectionStringTest" />
    </UnitTest>
  </TestDefinitions>
  <TestLists>
    <TestList name="Отсутствующие в списке результаты" id="8c84fa94-04c1-424b-9868-57a2d4851a1d" />
    <TestList name="Все загруженные результаты" id="19431567-8539-422a-85d7-44ee4e166bda" />
  </TestLists>
  <TestEntries>
    <TestEntry testId="70b85fb8-d1b6-4088-b7f6-a3f48af8bbfe" executionId="b5996a54-5984-4630-9f44-f10b565102ab" testListId="8c84fa94-04c1-424b-9868-57a2d4851a1d" />
    <TestEntry testId="9f8c5a64-07cf-a993-390a-f182a2c8faaa" executionId="ef5aece7-9fad-4d69-923c-919d99ef6909" testListId="8c84fa94-04c1-424b-9868-57a2d4851a1d" />
  </TestEntries>
  <Results>
    <UnitTestResult executionId="b5996a54-5984-4630-9f44-f10b565102ab" testId="70b85fb8-d1b6-4088-b7f6-a3f48af8bbfe" testName="TestMethod1" computerName="LAPSHIN-AV" duration="00:00:00.0091384" startTime="2012-07-20T14:00:40.4193159+07:00" endTime="2012-07-20T14:00:40.6993159+07:00" testType="13cdc9d9-ddb5-4fa4-a97d-d965ccfc6d4b" outcome="Passed" testListId="8c84fa94-04c1-424b-9868-57a2d4851a1d" relativeResultsDirectory="b5996a54-5984-4630-9f44-f10b565102ab">
    </UnitTestResult>
    <UnitTestResult executionId="ef5aece7-9fad-4d69-923c-919d99ef6909" testId="9f8c5a64-07cf-a993-390a-f182a2c8faaa" testName="GetConnectionStringTest" computerName="LAPSHIN-AV" duration="00:00:00.0256573" startTime="2012-07-20T14:00:40.6993159+07:00" endTime="2012-07-20T14:00:40.7293159+07:00" testType="13cdc9d9-ddb5-4fa4-a97d-d965ccfc6d4b" outcome="Failed" testListId="8c84fa94-04c1-424b-9868-57a2d4851a1d" relativeResultsDirectory="ef5aece7-9fad-4d69-923c-919d99ef6909">
      <Output>
        <ErrorInfo>
          <Message>Ошибка в Assert.AreEqual. Ожидается: &lt;User Id=;Password=;Data Source=(DESCRIPTION=(ADDRESS=(PROTOCOL=TCP)(HOST=10.0.1.52)(PORT=1621))(ADDRESS=(PROTOCOL=TCP)(HOST=10.0.1.54)(PORT=1621))(LOAD_BALANCE = yes)(CONNECT_DATA=(SERVER = DEDICATED)(SERVICE_NAME=rmsp)));&gt;. Фактически: &lt;User Id=;Password=;Data Source=(DESCRIPTION=(ADDRESS=(PROTOCOL=TCP)(HOST=10.0.1.52)(PORT=1621))(ADDRESS=(PROTOCOL=TCP)(HOST=10.0.1.54)(PORT=1621))(LOAD_BALANCE = yes)(CONNECT_DATA=(SERVER = DEDICATED)(SERVICE_NAME=rmsp2)));&gt;. </Message>
          <StackTrace>   в SharedComponents.Tests.RMSConnectionTest.GetConnectionStringTest() в C:\Users\lapshin\Documents\Visual Studio 2010\TFS2010PROJECTS\SharedComponents\SharedComponents.Tests\RMSConnectionTest.cs:строка 76
</StackTrace>
        </ErrorInfo>
      </Output>
    </UnitTestResult>
  </Results>
</TestRun>